<?xml version="1.0" encoding="UTF-8"?>
<testng-results skipped="0" failed="0" ignored="0" total="1" passed="1">
  <reporter-output>
  </reporter-output>
  <suite name="Default suite" duration-ms="27361" started-at="2018-04-22T04:46:13Z" finished-at="2018-04-22T04:46:40Z">
    <groups>
    </groups>
    <test name="Default test" duration-ms="27361" started-at="2018-04-22T04:46:13Z" finished-at="2018-04-22T04:46:40Z">
      <class name="udemy.UdemyE2E.HomePage">
        <test-method status="PASS" signature="BaseNaviagation()[pri:0, instance:udemy.UdemyE2E.HomePage@3bd550]" name="BaseNaviagation" duration-ms="27287" started-at="2018-04-22T04:46:13Z" finished-at="2018-04-22T04:46:40Z">
          <reporter-output>
          </reporter-output>
        </test-method> <!-- BaseNaviagation -->
      </class> <!-- udemy.UdemyE2E.HomePage -->
    </test> <!-- Default test -->
  </suite> <!-- Default suite -->
</testng-results>
